<?xml version="1.0" encoding="UTF-8"?>
<!-- Generated by org.testng.reporters.JUnitXMLReporter -->
<testsuite ignored="0" hostname="LAPTOP-66T3B3KH" failures="0" tests="5" name="Test" time="55.935" errors="0" timestamp="2024-08-23T00:17:10 IST">
  <testcase classname="testCases.TC_003_LoginDDT" name="verify_LoginDDT" time="4.417"/>
  <testcase classname="testCases.TC_003_LoginDDT" name="verify_LoginDDT" time="11.126"/>
  <testcase classname="testCases.TC_003_LoginDDT" name="verify_LoginDDT" time="11.625"/>
  <testcase classname="testCases.TC_003_LoginDDT" name="verify_LoginDDT" time="11.357"/>
  <testcase classname="testCases.TC_003_LoginDDT" name="verify_LoginDDT" time="10.853"/>
</testsuite> <!-- Test -->
