<?xml version="1.0" encoding="UTF-8"?>
<testng-results ignored="0" total="7" passed="7" failed="0" skipped="0">
  <reporter-output>
  </reporter-output>
  <suite started-at="2024-08-28T19:19:44 IST" name="Master Suite" finished-at="2024-08-28T19:20:49 IST" duration-ms="64386">
    <groups>
      <group name="Master">
        <method signature="TC_001_AccountRegistrationTest.verify_account_registration()[pri:0, instance:testCases.TC_001_AccountRegistrationTest@20ce78ec]" name="verify_account_registration" class="testCases.TC_001_AccountRegistrationTest"/>
        <method signature="TC_002_LoginTest.verify_login()[pri:0, instance:testCases.TC_002_LoginTest@6973b51b]" name="verify_login" class="testCases.TC_002_LoginTest"/>
      </group> <!-- Master -->
      <group name="datadriven">
        <method signature="TC_003_LoginDDT.verify_LoginDDT(java.lang.String,java.lang.String,java.lang.String)[pri:0, instance:testCases.TC_003_LoginDDT@1ab3a8c8]" name="verify_LoginDDT" class="testCases.TC_003_LoginDDT"/>
      </group> <!-- datadriven -->
      <group name="Sanity">
        <method signature="TC_002_LoginTest.verify_login()[pri:0, instance:testCases.TC_002_LoginTest@6973b51b]" name="verify_login" class="testCases.TC_002_LoginTest"/>
      </group> <!-- Sanity -->
      <group name="Regression">
        <method signature="TC_001_AccountRegistrationTest.verify_account_registration()[pri:0, instance:testCases.TC_001_AccountRegistrationTest@20ce78ec]" name="verify_account_registration" class="testCases.TC_001_AccountRegistrationTest"/>
      </group> <!-- Regression -->
    </groups>
    <test started-at="2024-08-28T19:19:44 IST" name="Test" finished-at="2024-08-28T19:20:49 IST" duration-ms="64386">
      <class name="testCases.TC_001_AccountRegistrationTest">
        <test-method is-config="true" signature="setUp(java.lang.String,java.lang.String)[pri:0, instance:testCases.TC_001_AccountRegistrationTest@20ce78ec]" started-at="2024-08-28T19:19:45 IST" name="setUp" finished-at="2024-08-28T19:19:50 IST" duration-ms="5857" status="PASS">
          <params>
            <param index="0">
              <value>
                <![CDATA[Windows]]>
              </value>
            </param>
            <param index="1">
              <value>
                <![CDATA[chrome]]>
              </value>
            </param>
          </params>
          <reporter-output>
          </reporter-output>
        </test-method> <!-- setUp -->
        <test-method signature="verify_account_registration()[pri:0, instance:testCases.TC_001_AccountRegistrationTest@20ce78ec]" started-at="2024-08-28T19:19:50 IST" name="verify_account_registration" finished-at="2024-08-28T19:19:52 IST" duration-ms="1556" status="PASS">
          <reporter-output>
          </reporter-output>
        </test-method> <!-- verify_account_registration -->
        <test-method is-config="true" signature="tearDown()[pri:0, instance:testCases.TC_001_AccountRegistrationTest@20ce78ec]" started-at="2024-08-28T19:19:52 IST" name="tearDown" finished-at="2024-08-28T19:19:52 IST" duration-ms="159" status="PASS">
          <reporter-output>
          </reporter-output>
        </test-method> <!-- tearDown -->
      </class> <!-- testCases.TC_001_AccountRegistrationTest -->
      <class name="testCases.TC_002_LoginTest">
        <test-method is-config="true" signature="setUp(java.lang.String,java.lang.String)[pri:0, instance:testCases.TC_002_LoginTest@6973b51b]" started-at="2024-08-28T19:19:52 IST" name="setUp" finished-at="2024-08-28T19:19:54 IST" duration-ms="1901" status="PASS">
          <params>
            <param index="0">
              <value>
                <![CDATA[Windows]]>
              </value>
            </param>
            <param index="1">
              <value>
                <![CDATA[chrome]]>
              </value>
            </param>
          </params>
          <reporter-output>
          </reporter-output>
        </test-method> <!-- setUp -->
        <test-method signature="verify_login()[pri:0, instance:testCases.TC_002_LoginTest@6973b51b]" started-at="2024-08-28T19:19:54 IST" name="verify_login" finished-at="2024-08-28T19:19:55 IST" duration-ms="1218" status="PASS">
          <reporter-output>
          </reporter-output>
        </test-method> <!-- verify_login -->
        <test-method is-config="true" signature="tearDown()[pri:0, instance:testCases.TC_002_LoginTest@6973b51b]" started-at="2024-08-28T19:19:55 IST" name="tearDown" finished-at="2024-08-28T19:19:55 IST" duration-ms="143" status="PASS">
          <reporter-output>
          </reporter-output>
        </test-method> <!-- tearDown -->
      </class> <!-- testCases.TC_002_LoginTest -->
      <class name="testCases.TC_003_LoginDDT">
        <test-method is-config="true" signature="setUp(java.lang.String,java.lang.String)[pri:0, instance:testCases.TC_003_LoginDDT@1ab3a8c8]" started-at="2024-08-28T19:19:55 IST" name="setUp" finished-at="2024-08-28T19:19:58 IST" duration-ms="2963" status="PASS">
          <params>
            <param index="0">
              <value>
                <![CDATA[Windows]]>
              </value>
            </param>
            <param index="1">
              <value>
                <![CDATA[chrome]]>
              </value>
            </param>
          </params>
          <reporter-output>
          </reporter-output>
        </test-method> <!-- setUp -->
        <test-method signature="verify_LoginDDT(java.lang.String,java.lang.String,java.lang.String)[pri:0, instance:testCases.TC_003_LoginDDT@1ab3a8c8]" started-at="2024-08-28T19:19:59 IST" name="verify_LoginDDT" data-provider="LoginData" finished-at="2024-08-28T19:20:04 IST" duration-ms="4997" status="PASS">
          <params>
            <param index="0">
              <value>
                <![CDATA[desmondmiles@gmail.com]]>
              </value>
            </param>
            <param index="1">
              <value>
                <![CDATA[test]]>
              </value>
            </param>
            <param index="2">
              <value>
                <![CDATA[Valid]]>
              </value>
            </param>
          </params>
          <reporter-output>
          </reporter-output>
        </test-method> <!-- verify_LoginDDT -->
        <test-method signature="verify_LoginDDT(java.lang.String,java.lang.String,java.lang.String)[pri:0, instance:testCases.TC_003_LoginDDT@1ab3a8c8]" started-at="2024-08-28T19:20:04 IST" name="verify_LoginDDT" data-provider="LoginData" finished-at="2024-08-28T19:20:15 IST" duration-ms="11123" status="PASS">
          <params>
            <param index="0">
              <value>
                <![CDATA[charlessLee@gmail.com]]>
              </value>
            </param>
            <param index="1">
              <value>
                <![CDATA[test1]]>
              </value>
            </param>
            <param index="2">
              <value>
                <![CDATA[Invalid]]>
              </value>
            </param>
          </params>
          <reporter-output>
          </reporter-output>
        </test-method> <!-- verify_LoginDDT -->
        <test-method signature="verify_LoginDDT(java.lang.String,java.lang.String,java.lang.String)[pri:0, instance:testCases.TC_003_LoginDDT@1ab3a8c8]" started-at="2024-08-28T19:20:15 IST" name="verify_LoginDDT" data-provider="LoginData" finished-at="2024-08-28T19:20:27 IST" duration-ms="11368" status="PASS">
          <params>
            <param index="0">
              <value>
                <![CDATA[xyz@gmail.com]]>
              </value>
            </param>
            <param index="1">
              <value>
                <![CDATA[test2]]>
              </value>
            </param>
            <param index="2">
              <value>
                <![CDATA[Invalid]]>
              </value>
            </param>
          </params>
          <reporter-output>
          </reporter-output>
        </test-method> <!-- verify_LoginDDT -->
        <test-method signature="verify_LoginDDT(java.lang.String,java.lang.String,java.lang.String)[pri:0, instance:testCases.TC_003_LoginDDT@1ab3a8c8]" started-at="2024-08-28T19:20:27 IST" name="verify_LoginDDT" data-provider="LoginData" finished-at="2024-08-28T19:20:38 IST" duration-ms="10951" status="PASS">
          <params>
            <param index="0">
              <value>
                <![CDATA[test123#gh@yahoo.com]]>
              </value>
            </param>
            <param index="1">
              <value>
                <![CDATA[test3]]>
              </value>
            </param>
            <param index="2">
              <value>
                <![CDATA[Invalid]]>
              </value>
            </param>
          </params>
          <reporter-output>
          </reporter-output>
        </test-method> <!-- verify_LoginDDT -->
        <test-method signature="verify_LoginDDT(java.lang.String,java.lang.String,java.lang.String)[pri:0, instance:testCases.TC_003_LoginDDT@1ab3a8c8]" started-at="2024-08-28T19:20:38 IST" name="verify_LoginDDT" data-provider="LoginData" finished-at="2024-08-28T19:20:49 IST" duration-ms="10826" status="PASS">
          <params>
            <param index="0">
              <value>
                <![CDATA[lol#456@gmail.com]]>
              </value>
            </param>
            <param index="1">
              <value>
                <![CDATA[test4]]>
              </value>
            </param>
            <param index="2">
              <value>
                <![CDATA[Invalid]]>
              </value>
            </param>
          </params>
          <reporter-output>
          </reporter-output>
        </test-method> <!-- verify_LoginDDT -->
        <test-method is-config="true" signature="tearDown()[pri:0, instance:testCases.TC_003_LoginDDT@1ab3a8c8]" started-at="2024-08-28T19:20:49 IST" name="tearDown" finished-at="2024-08-28T19:20:49 IST" duration-ms="163" status="PASS">
          <reporter-output>
          </reporter-output>
        </test-method> <!-- tearDown -->
      </class> <!-- testCases.TC_003_LoginDDT -->
    </test> <!-- Test -->
  </suite> <!-- Master Suite -->
</testng-results>
