<?xml version="1.0" encoding="UTF-8"?>
<!-- Generated by org.testng.reporters.JUnitXMLReporter -->
<testsuite ignored="0" hostname="LAPTOP-66T3B3KH" failures="0" tests="7" name="Test" time="64.386" errors="0" timestamp="2024-08-28T19:20:49 IST">
  <testcase classname="testCases.TC_001_AccountRegistrationTest" name="verify_account_registration" time="1.556"/>
  <testcase classname="testCases.TC_002_LoginTest" name="verify_login" time="1.218"/>
  <testcase classname="testCases.TC_003_LoginDDT" name="verify_LoginDDT" time="4.997"/>
  <testcase classname="testCases.TC_003_LoginDDT" name="verify_LoginDDT" time="11.123"/>
  <testcase classname="testCases.TC_003_LoginDDT" name="verify_LoginDDT" time="11.368"/>
  <testcase classname="testCases.TC_003_LoginDDT" name="verify_LoginDDT" time="10.951"/>
  <testcase classname="testCases.TC_003_LoginDDT" name="verify_LoginDDT" time="10.826"/>
</testsuite> <!-- Test -->
